Failed to create bus connection: No such file or directory
-- Attaching packages --------------------------------------- tidyverse 1.3.2 --
v ggplot2 3.4.0      v purrr   0.3.5 
v tibble  3.1.8      v dplyr   1.0.10
v tidyr   1.2.1      v stringr 1.5.0 
v readr   2.1.3      v forcats 0.5.2 
-- Conflicts ------------------------------------------ tidyverse_conflicts() --
x dplyr::filter() masks stats::filter()
x dplyr::lag()    masks stats::lag()
Warning message:
In system("timedatectl", intern = TRUE) :
  running command 'timedatectl' had status 1
Rows: 2343 Columns: 9
-- Column specification --------------------------------------------------------
Delimiter: "\t"
chr (6): source, feature, score, strand, frame, attribute
dbl (3): seqname, start, end

i Use `spec()` to retrieve the full column specification for this data.
i Specify the column types or set `show_col_types = FALSE` to quiet this message.
Warning message:
Expected 3 pieces. Additional pieces discarded in 1824 rows [3, 4, 5, 6, 7, 8, 9, 10, 11, 12, 13, 14, 15, 16, 17, 18, 19, 20, 21, 23, ...]. 
Rows: 918 Columns: 9
-- Column specification --------------------------------------------------------
Delimiter: "\t"
chr (6): source, feature, score, strand, frame, attribute
dbl (3): seqname, start, end

i Use `spec()` to retrieve the full column specification for this data.
i Specify the column types or set `show_col_types = FALSE` to quiet this message.
Warning message:
Expected 3 pieces. Additional pieces discarded in 669 rows [2, 3, 4, 5, 6, 7, 8, 9, 10, 12, 14, 16, 17, 18, 19, 21, 22, 24, 25, 27, ...]. 
Joining, by = "exon_number_ordered"
Joining, by = "exon_number_ordered"
Joining, by = "exon_number_ordered"
Joining, by = "exon_number_ordered"
Joining, by = "exon_number_ordered"
Joining, by = "exon_number_ordered"
Joining, by = "exon_number_ordered"
Joining, by = "exon_number_ordered"
Joining, by = "exon_number_ordered"
Joining, by = "exon_number_ordered"
Joining, by = "exon_number_ordered"
Joining, by = "exon_number_ordered"
Joining, by = "exon_number_ordered"
Joining, by = "exon_number_ordered"
Joining, by = "exon_number_ordered"
Joining, by = "exon_number_ordered"
Joining, by = "exon_number_ordered"
Joining, by = "exon_number_ordered"
Joining, by = "exon_number_ordered"
Joining, by = "exon_number_ordered"
Joining, by = "exon_number_ordered"
Joining, by = "exon_number_ordered"
Joining, by = "exon_number_ordered"
Joining, by = "exon_number_ordered"
Joining, by = "exon_number_ordered"
Joining, by = "exon_number_ordered"
Joining, by = "exon_number_ordered"
Joining, by = "exon_number_ordered"
Joining, by = "exon_number_ordered"
Joining, by = "exon_number_ordered"
Joining, by = "exon_number_ordered"
Joining, by = "exon_number_ordered"
Joining, by = "exon_number_ordered"
Joining, by = "exon_number_ordered"
Joining, by = "exon_number_ordered"
Joining, by = "exon_number_ordered"
Joining, by = "exon_number_ordered"
Joining, by = "exon_number_ordered"
Joining, by = "exon_number_ordered"
Joining, by = "exon_number_ordered"
Joining, by = "exon_number_ordered"
Joining, by = "exon_number_ordered"
Joining, by = "exon_number_ordered"
Joining, by = "exon_number_ordered"
Joining, by = "exon_number_ordered"
Joining, by = "exon_number_ordered"
Joining, by = "exon_number_ordered"
Joining, by = "exon_number_ordered"
Joining, by = "exon_number_ordered"
Joining, by = "exon_number_ordered"
Joining, by = "exon_number_ordered"
Joining, by = "exon_number_ordered"
Joining, by = "exon_number_ordered"
Joining, by = "exon_number_ordered"
Joining, by = "exon_number_ordered"
Joining, by = "exon_number_ordered"
Joining, by = "exon_number_ordered"
Joining, by = "exon_number_ordered"
Joining, by = "exon_number_ordered"
Joining, by = "exon_number_ordered"
Joining, by = "exon_number_ordered"
Joining, by = "exon_number_ordered"
Joining, by = "exon_number_ordered"
Joining, by = "exon_number_ordered"
Joining, by = "exon_number_ordered"
Joining, by = "exon_number_ordered"
Joining, by = "exon_number_ordered"
Joining, by = "exon_number_ordered"
Joining, by = "exon_number_ordered"
Joining, by = "exon_number_ordered"
Joining, by = "exon_number_ordered"
Joining, by = "exon_number_ordered"
Joining, by = "exon_number_ordered"
Joining, by = "exon_number_ordered"
Joining, by = "exon_number_ordered"
Joining, by = "exon_number_ordered"
Joining, by = "exon_number_ordered"
Joining, by = "exon_number_ordered"
Joining, by = "exon_number_ordered"
Joining, by = "exon_number_ordered"
Joining, by = "exon_number_ordered"
Joining, by = "exon_number_ordered"
Joining, by = "exon_number_ordered"
Joining, by = "exon_number_ordered"
Joining, by = "exon_number_ordered"
Joining, by = "exon_number_ordered"
Joining, by = "exon_number_ordered"
Joining, by = "exon_number_ordered"
Joining, by = "exon_number_ordered"
Joining, by = "exon_number_ordered"
Joining, by = "exon_number_ordered"
Joining, by = "exon_number_ordered"
Joining, by = "exon_number_ordered"
Joining, by = "exon_number_ordered"
Joining, by = "exon_number_ordered"
Joining, by = "exon_number_ordered"
Joining, by = "exon_number_ordered"
Joining, by = "exon_number_ordered"
Joining, by = "exon_number_ordered"
Joining, by = "exon_number_ordered"
Joining, by = "exon_number_ordered"
Joining, by = "exon_number_ordered"
Joining, by = "exon_number_ordered"
Joining, by = "exon_number_ordered"
Joining, by = "exon_number_ordered"
Joining, by = "exon_number_ordered"
Joining, by = "exon_number_ordered"
Joining, by = "exon_number_ordered"
Joining, by = "exon_number_ordered"
Joining, by = "exon_number_ordered"
Joining, by = "exon_number_ordered"
Joining, by = "exon_number_ordered"
Joining, by = "exon_number_ordered"
Joining, by = "exon_number_ordered"

real	0m26.168s
user	0m24.824s
sys	0m0.860s
